<?xml version="1.0" encoding="UTF-8"?>
<!-- Generated by org.testng.reporters.JUnitXMLReporter -->
<testsuite hostname="CHAITANYA_SHAST" ignored="0" name="Test" tests="12" failures="0" timestamp="2019-12-19T17:23:29 IST" time="40.386" errors="0">
  <testcase name="testWatch" time="0.438" classname="com.vootkids.WebSanity"/>
  <testcase name="testRead" time="3.431" classname="com.vootkids.WebSanity"/>
  <testcase name="testListen" time="0.036" classname="com.vootkids.WebSanity"/>
  <testcase name="testLearn" time="5.052" classname="com.vootkids.WebSanity"/>
  <testcase name="testAboutUs" time="1.314" classname="com.vootkids.WebSanity"/>
  <testcase name="testContactUs" time="1.226" classname="com.vootkids.WebSanity"/>
  <testcase name="testFAQs" time="1.34" classname="com.vootkids.WebSanity"/>
  <testcase name="testPrivacyPolicy" time="1.449" classname="com.vootkids.WebSanity"/>
  <testcase name="testTermsConditions" time="1.277" classname="com.vootkids.WebSanity"/>
  <testcase name="testNavigateHome" time="2.159" classname="com.vootkids.WebSanity"/>
  <testcase name="sendEmail" time="9.333" classname="com.vootkids.EmailToFriend"/>
  <testcase name="sendEmail" time="9.228" classname="com.vootkids.EmailToFriend"/>
</testsuite> <!-- Test -->
