<?xml version="1.0" encoding="UTF-8"?>
<testsuite xmlns:xsi="http://www.w3.org/2001/XMLSchema-instance" xsi:noNamespaceSchemaLocation="https://maven.apache.org/surefire/maven-surefire-plugin/xsd/surefire-test-report.xsd" name="TestSuite" time="65.002" tests="12" errors="0" skipped="0" failures="0">
  <properties>
[...]
</properties>
  <testcase name="testWatch" classname="com.vootkids.WebSanity" time="1.563"/>
  <testcase name="testRead" classname="com.vootkids.WebSanity" time="3.075"/>
  <testcase name="testListen" classname="com.vootkids.WebSanity" time="0.019"/>
  <testcase name="testLearn" classname="com.vootkids.WebSanity" time="5.012"/>
  <testcase name="testAboutUs" classname="com.vootkids.WebSanity" time="1.41"/>
  <testcase name="testContactUs" classname="com.vootkids.WebSanity" time="1.275"/>
  <testcase name="testFAQs" classname="com.vootkids.WebSanity" time="1.348"/>
  <testcase name="testPrivacyPolicy" classname="com.vootkids.WebSanity" time="1.406"/>
  <testcase name="testTermsConditions" classname="com.vootkids.WebSanity" time="1.309"/>
  <testcase name="testNavigateHome" classname="com.vootkids.WebSanity" time="2.234"/>
  <testcase name="sendEmail" classname="com.vootkids.EmailToFriend" time="9.366"/>
  <testcase name="sendEmail" classname="com.vootkids.EmailToFriend" time="9.22"/>
</testsuite>