<?xml version="1.0" encoding="UTF-8"?>
<!-- Generated by org.testng.reporters.JUnitXMLReporter -->
<testsuite hostname="CHAITANYA_SHAST" ignored="0" name="Test" tests="12" failures="0" timestamp="2019-12-19T19:41:55 IST" time="41.256" errors="0">
  <testcase name="testWatch" time="1.559" classname="com.vootkids.WebSanity"/>
  <testcase name="testRead" time="3.037" classname="com.vootkids.WebSanity"/>
  <testcase name="testListen" time="0.043" classname="com.vootkids.WebSanity"/>
  <testcase name="testLearn" time="5.026" classname="com.vootkids.WebSanity"/>
  <testcase name="testAboutUs" time="1.395" classname="com.vootkids.WebSanity"/>
  <testcase name="testContactUs" time="1.274" classname="com.vootkids.WebSanity"/>
  <testcase name="testFAQs" time="1.351" classname="com.vootkids.WebSanity"/>
  <testcase name="testPrivacyPolicy" time="1.399" classname="com.vootkids.WebSanity"/>
  <testcase name="testTermsConditions" time="1.292" classname="com.vootkids.WebSanity"/>
  <testcase name="testNavigateHome" time="2.258" classname="com.vootkids.WebSanity"/>
  <testcase name="sendEmail" time="9.364" classname="com.vootkids.EmailToFriend"/>
  <testcase name="sendEmail" time="9.197" classname="com.vootkids.EmailToFriend"/>
</testsuite> <!-- Test -->
